<?xml version="1.0" encoding="UTF-8"?>
<!-- Generated by org.testng.reporters.JUnitXMLReporter -->
<testsuite ignored="0" hostname="Santhosh" failures="0" tests="3" name="Test" time="9.902" errors="0" timestamp="2024-10-18T10:03:34 IST">
  <testcase classname="com.testNG.CrossBrowserTesting" name="edge" time="5.289"/>
  <testcase classname="com.testNG.CrossBrowserTesting" name="chrome" time="5.289"/>
  <testcase classname="com.testNG.CrossBrowserTesting" name="firefox" time="9.867"/>
</testsuite> <!-- Test -->
